<?xml version="1.0" encoding="UTF-8"?>
<!-- Generated by org.testng.reporters.JUnitXMLReporter -->
<testsuite ignored="0" hostname="DESKTOP-2ODO8DJ" failures="0" tests="11" name="Default test" time="1.313" errors="0" timestamp="2023-11-03T09:32:50 IST">
  <testcase classname="Base.BaseClassTest" name="@BeforeTest setup" time="-1.698984168462E9">
    <failure type="org.testng.TestNGException" message="
Parameter &amp;apos;browser&amp;apos; is required by BeforeTest on method setup but has not been marked @Optional or defined
in C:\Users\lenovo\AppData\Local\Temp\testng-eclipse-1043719374\testng-customsuite.xml">
      <![CDATA[org.testng.TestNGException: 
Parameter 'browser' is required by BeforeTest on method setup but has not been marked @Optional or defined
in C:\Users\lenovo\AppData\Local\Temp\testng-eclipse-1043719374\testng-customsuite.xml
at org.testng.internal.Parameters.createParams(Parameters.java:267)
at org.testng.internal.Parameters.createParametersForMethod(Parameters.java:355)
at org.testng.internal.Parameters.createParameters(Parameters.java:684)
at org.testng.internal.Parameters.createConfigurationParameters(Parameters.java:166)
at org.testng.internal.invokers.ConfigInvoker.invokeConfigurations(ConfigInvoker.java:306)
at org.testng.TestRunner.invokeTestConfigurations(TestRunner.java:663)
at org.testng.TestRunner.beforeRun(TestRunner.java:652)
at org.testng.TestRunner.run(TestRunner.java:614)
at org.testng.SuiteRunner.runTest(SuiteRunner.java:443)
at org.testng.SuiteRunner.runSequentially(SuiteRunner.java:437)
at org.testng.SuiteRunner.privateRun(SuiteRunner.java:397)
at org.testng.SuiteRunner.run(SuiteRunner.java:336)
at org.testng.SuiteRunnerWorker.runSuite(SuiteRunnerWorker.java:52)
at org.testng.SuiteRunnerWorker.run(SuiteRunnerWorker.java:95)
at org.testng.TestNG.runSuitesSequentially(TestNG.java:1280)
at org.testng.TestNG.runSuitesLocally(TestNG.java:1200)
at org.testng.TestNG.runSuites(TestNG.java:1114)
at org.testng.TestNG.run(TestNG.java:1082)
at org.testng.remote.AbstractRemoteTestNG.run(AbstractRemoteTestNG.java:115)
at org.testng.remote.RemoteTestNG.initAndRun(RemoteTestNG.java:251)
at org.testng.remote.RemoteTestNG.main(RemoteTestNG.java:77)
]]>
    </failure>
  </testcase> <!-- @BeforeTest setup -->
  <testcase classname="com.DMS.testCases.TC_007_Projects" name="docUploadDocument" time="0.001">
    <skipped/>
  </testcase> <!-- docUploadDocument -->
  <testcase classname="com.DMS.testCases.TC_007_Projects" name="docEditDocument" time="0.0">
    <skipped/>
  </testcase> <!-- docEditDocument -->
  <testcase classname="com.DMS.testCases.TC_007_Projects" name="docPermissionDocument" time="0.001">
    <skipped/>
  </testcase> <!-- docPermissionDocument -->
  <testcase classname="com.DMS.testCases.TC_007_Projects" name="docShareDocument" time="0.0">
    <skipped/>
  </testcase> <!-- docShareDocument -->
  <testcase classname="com.DMS.testCases.TC_007_Projects" name="docDeletDocument" time="0.0">
    <skipped/>
  </testcase> <!-- docDeletDocument -->
  <testcase classname="com.DMS.testCases.TC_007_Projects" name="docArchiveDocument" time="0.0">
    <skipped/>
  </testcase> <!-- docArchiveDocument -->
  <testcase classname="com.DMS.testCases.TC_007_Projects" name="addSignersToTheDocument" time="0.0">
    <skipped/>
  </testcase> <!-- addSignersToTheDocument -->
  <testcase classname="com.DMS.testCases.TC_007_Projects" name="addSigners_Document" time="0.0">
    <skipped/>
  </testcase> <!-- addSigners_Document -->
  <testcase classname="com.DMS.testCases.TC_007_Projects" name="signDocument" time="0.0">
    <skipped/>
  </testcase> <!-- signDocument -->
  <testcase classname="com.DMS.testCases.TC_007_Projects" name="addNewVersion_Doc" time="0.001">
    <skipped/>
  </testcase> <!-- addNewVersion_Doc -->
  <testcase classname="com.DMS.testCases.TC_007_Projects" name="docDownload_Print" time="0.0">
    <skipped/>
  </testcase> <!-- docDownload_Print -->
</testsuite> <!-- Default test -->
