<?xml version="1.0" encoding="UTF-8"?>
<!-- Generated by org.testng.reporters.JUnitReportReporter -->
<testsuite hostname="DM-LT8" failures="0" tests="35" name="com.DMS.testCases.TC_009_Projects" time="915.639" errors="1" timestamp="2024-04-09T15:48:26 IST" skipped="0">
  <testcase classname="com.DMS.testCases.TC_009_Projects" name="createProject" time="13.539"/>
  <system-out/>
  <testcase classname="com.DMS.testCases.TC_009_Projects" name="importRole" time="14.782"/>
  <system-out/>
  <testcase classname="com.DMS.testCases.TC_009_Projects" name="addProjectRole" time="10.463"/>
  <system-out/>
  <testcase classname="com.DMS.testCases.TC_009_Projects" name="createUser" time="19.626"/>
  <system-out/>
  <testcase classname="com.DMS.testCases.TC_009_Projects" name="docMainFolderCreation" time="12.471"/>
  <system-out/>
  <testcase classname="com.DMS.testCases.TC_009_Projects" name="MainFolder_Clone" time="28.328"/>
  <system-out/>
  <testcase classname="com.DMS.testCases.TC_009_Projects" name="docMainFolderPermission" time="21.908"/>
  <system-out/>
  <testcase classname="com.DMS.testCases.TC_009_Projects" name="docMainFolderShare" time="16.847"/>
  <system-out/>
  <testcase classname="com.DMS.testCases.TC_009_Projects" name="docMainFolderShare_ExternalUser" time="14.172"/>
  <system-out/>
  <testcase classname="com.DMS.testCases.TC_009_Projects" name="MainFolder_Create" time="43.391"/>
  <system-out/>
  <testcase classname="com.DMS.testCases.TC_009_Projects" name="docMainFolderDelete" time="14.522"/>
  <system-out/>
  <testcase classname="com.DMS.testCases.TC_009_Projects" name="docMainFolderArchive" time="22.909"/>
  <system-out/>
  <testcase classname="com.DMS.testCases.TC_009_Projects" name="docUploadDocument" time="72.423"/>
  <system-out/>
  <testcase classname="com.DMS.testCases.TC_009_Projects" name="docPermissionDocument" time="13.811"/>
  <system-out/>
  <testcase classname="com.DMS.testCases.TC_009_Projects" name="docShareDocument" time="13.825"/>
  <system-out/>
  <testcase classname="com.DMS.testCases.TC_009_Projects" name="docDeletDocument" time="11.458"/>
  <system-out/>
  <testcase classname="com.DMS.testCases.TC_009_Projects" name="docArchiveDocument" time="17.967"/>
  <system-out/>
  <testcase classname="com.DMS.testCases.TC_009_Projects" name="addSignersToTheDocument" time="41.284"/>
  <system-out/>
  <testcase classname="com.DMS.testCases.TC_009_Projects" name="addSigners_Document" time="12.792"/>
  <system-out/>
  <testcase classname="com.DMS.testCases.TC_009_Projects" name="signDocument" time="23.015"/>
  <system-out/>
  <testcase classname="com.DMS.testCases.TC_009_Projects" name="approvalDoc" time="11.937"/>
  <system-out/>
  <testcase classname="com.DMS.testCases.TC_009_Projects" name="addNewVersion_Doc" time="36.780"/>
  <system-out/>
  <testcase classname="com.DMS.testCases.TC_009_Projects" name="devMainFolderCreation" time="18.845"/>
  <system-out/>
  <testcase classname="com.DMS.testCases.TC_009_Projects" name="devMainFolder_Clone" time="28.497"/>
  <system-out/>
  <testcase classname="com.DMS.testCases.TC_009_Projects" name="devMainFolderPermission" time="16.936"/>
  <system-out/>
  <testcase classname="com.DMS.testCases.TC_009_Projects" name="devMainFolderShare" time="16.995"/>
  <system-out/>
  <testcase classname="com.DMS.testCases.TC_009_Projects" name="devMainFolder_Create" time="93.587">
    <error message="element not interactable
  (Session info: chrome=123.0.6312.106)
Build info: version: &#039;4.13.0&#039;, revision: &#039;ba948ece5b*&#039;
System info: os.name: &#039;Windows 10&#039;, os.arch: &#039;amd64&#039;, os.version: &#039;10.0&#039;, java.version: &#039;17.0.9&#039;
Driver info: org.openqa.selenium.chrome.ChromeDriver
Command: [e191238c25bae0ef8b73740d91135873, clickElement {id=f.33DBEBC0C616A81928EFCC9AB02854CC.d.F04D6B00E70B39D9E3A9EC54BEE836E2.e.1176}]
Capabilities {acceptInsecureCerts: false, browserName: chrome, browserVersion: 123.0.6312.106, chrome: {chromedriverVersion: 123.0.6312.105 (399174dbe6e..., userDataDir: C:\Users\NEETHU~1\AppData\L...}, fedcm:accounts: true, goog:chromeOptions: {debuggerAddress: localhost:53621}, networkConnectionEnabled: false, pageLoadStrategy: normal, platformName: windows, proxy: Proxy(), se:cdp: ws://localhost:53621/devtoo..., se:cdpVersion: 123.0.6312.106, setWindowRect: true, strictFileInteractability: false, timeouts: {implicit: 0, pageLoad: 300000, script: 30000}, unhandledPromptBehavior: dismiss and notify, webauthn:extension:credBlob: true, webauthn:extension:largeBlob: true, webauthn:extension:minPinLength: true, webauthn:extension:prf: true, webauthn:virtualAuthenticators: true}
Element: [[ChromeDriver: chrome on windows (e191238c25bae0ef8b73740d91135873)] -&gt; xpath: //div[contains(text(),&#039;Control Form&#039;)]]
Session ID: e191238c25bae0ef8b73740d91135873" type="org.openqa.selenium.ElementNotInteractableException">
      <![CDATA[org.openqa.selenium.ElementNotInteractableException: element not interactable
  (Session info: chrome=123.0.6312.106)
Build info: version: '4.13.0', revision: 'ba948ece5b*'
System info: os.name: 'Windows 10', os.arch: 'amd64', os.version: '10.0', java.version: '17.0.9'
Driver info: org.openqa.selenium.chrome.ChromeDriver
Command: [e191238c25bae0ef8b73740d91135873, clickElement {id=f.33DBEBC0C616A81928EFCC9AB02854CC.d.F04D6B00E70B39D9E3A9EC54BEE836E2.e.1176}]
Capabilities {acceptInsecureCerts: false, browserName: chrome, browserVersion: 123.0.6312.106, chrome: {chromedriverVersion: 123.0.6312.105 (399174dbe6e..., userDataDir: C:\Users\NEETHU~1\AppData\L...}, fedcm:accounts: true, goog:chromeOptions: {debuggerAddress: localhost:53621}, networkConnectionEnabled: false, pageLoadStrategy: normal, platformName: windows, proxy: Proxy(), se:cdp: ws://localhost:53621/devtoo..., se:cdpVersion: 123.0.6312.106, setWindowRect: true, strictFileInteractability: false, timeouts: {implicit: 0, pageLoad: 300000, script: 30000}, unhandledPromptBehavior: dismiss and notify, webauthn:extension:credBlob: true, webauthn:extension:largeBlob: true, webauthn:extension:minPinLength: true, webauthn:extension:prf: true, webauthn:virtualAuthenticators: true}
Element: [[ChromeDriver: chrome on windows (e191238c25bae0ef8b73740d91135873)] -> xpath: //div[contains(text(),'Control Form')]]
Session ID: e191238c25bae0ef8b73740d91135873
at java.base/jdk.internal.reflect.NativeConstructorAccessorImpl.newInstance0(Native Method)
at java.base/jdk.internal.reflect.NativeConstructorAccessorImpl.newInstance(NativeConstructorAccessorImpl.java:77)
at java.base/jdk.internal.reflect.DelegatingConstructorAccessorImpl.newInstance(DelegatingConstructorAccessorImpl.java:45)
at java.base/java.lang.reflect.Constructor.newInstanceWithCaller(Constructor.java:499)
at java.base/java.lang.reflect.Constructor.newInstance(Constructor.java:480)
at org.openqa.selenium.remote.codec.w3c.W3CHttpResponseCodec.createException(W3CHttpResponseCodec.java:200)
at org.openqa.selenium.remote.codec.w3c.W3CHttpResponseCodec.decode(W3CHttpResponseCodec.java:133)
at org.openqa.selenium.remote.codec.w3c.W3CHttpResponseCodec.decode(W3CHttpResponseCodec.java:52)
at org.openqa.selenium.remote.HttpCommandExecutor.execute(HttpCommandExecutor.java:191)
at org.openqa.selenium.remote.service.DriverCommandExecutor.invokeExecute(DriverCommandExecutor.java:196)
at org.openqa.selenium.remote.service.DriverCommandExecutor.execute(DriverCommandExecutor.java:171)
at org.openqa.selenium.remote.RemoteWebDriver.execute(RemoteWebDriver.java:602)
at org.openqa.selenium.remote.RemoteWebElement.execute(RemoteWebElement.java:224)
at org.openqa.selenium.remote.RemoteWebElement.click(RemoteWebElement.java:77)
at jdk.internal.reflect.GeneratedMethodAccessor6.invoke(Unknown Source)
at java.base/jdk.internal.reflect.DelegatingMethodAccessorImpl.invoke(DelegatingMethodAccessorImpl.java:43)
at java.base/java.lang.reflect.Method.invoke(Method.java:568)
at org.openqa.selenium.support.pagefactory.internal.LocatingElementHandler.invoke(LocatingElementHandler.java:51)
at jdk.proxy2/jdk.proxy2.$Proxy20.click(Unknown Source)
at com.DMS.pageObjects.ProjectPage.controlForm2(ProjectPage.java:685)
at com.DMS.testCases.TC_009_Projects.devMainFolder_Create(TC_009_Projects.java:292)
at java.base/jdk.internal.reflect.NativeMethodAccessorImpl.invoke0(Native Method)
at java.base/jdk.internal.reflect.NativeMethodAccessorImpl.invoke(NativeMethodAccessorImpl.java:77)
at java.base/jdk.internal.reflect.DelegatingMethodAccessorImpl.invoke(DelegatingMethodAccessorImpl.java:43)
at java.base/java.lang.reflect.Method.invoke(Method.java:568)
at org.testng.internal.MethodInvocationHelper.invokeMethod(MethodInvocationHelper.java:133)
at org.testng.internal.TestInvoker.invokeMethod(TestInvoker.java:598)
at org.testng.internal.TestInvoker.invokeTestMethod(TestInvoker.java:173)
at org.testng.internal.MethodRunner.runInSequence(MethodRunner.java:46)
at org.testng.internal.TestInvoker$MethodInvocationAgent.invoke(TestInvoker.java:824)
at org.testng.internal.TestInvoker.invokeTestMethods(TestInvoker.java:146)
at org.testng.internal.TestMethodWorker.invokeTestMethods(TestMethodWorker.java:146)
at org.testng.internal.TestMethodWorker.run(TestMethodWorker.java:128)
at java.base/java.util.ArrayList.forEach(ArrayList.java:1511)
at org.testng.TestRunner.privateRun(TestRunner.java:794)
at org.testng.TestRunner.run(TestRunner.java:596)
at org.testng.SuiteRunner.runTest(SuiteRunner.java:377)
at org.testng.SuiteRunner.runSequentially(SuiteRunner.java:371)
at org.testng.SuiteRunner.privateRun(SuiteRunner.java:332)
at org.testng.SuiteRunner.run(SuiteRunner.java:276)
at org.testng.SuiteRunnerWorker.runSuite(SuiteRunnerWorker.java:53)
at org.testng.SuiteRunnerWorker.run(SuiteRunnerWorker.java:96)
at org.testng.TestNG.runSuitesSequentially(TestNG.java:1212)
at org.testng.TestNG.runSuitesLocally(TestNG.java:1134)
at org.testng.TestNG.runSuites(TestNG.java:1063)
at org.testng.TestNG.run(TestNG.java:1031)
at org.testng.remote.AbstractRemoteTestNG.run(AbstractRemoteTestNG.java:115)
at org.testng.remote.RemoteTestNG.initAndRun(RemoteTestNG.java:251)
at org.testng.remote.RemoteTestNG.main(RemoteTestNG.java:77)
]]>
    </error>
  </testcase> <!-- devMainFolder_Create -->
  <system-out/>
  <testcase classname="com.DMS.testCases.TC_009_Projects" name="devMainFolderDelete" time="14.598"/>
  <system-out/>
  <testcase classname="com.DMS.testCases.TC_009_Projects" name="devMainFolderArchive" time="22.737"/>
  <system-out/>
  <testcase classname="com.DMS.testCases.TC_009_Projects" name="devUploadDocument_SubmitAndSign" time="76.714"/>
  <system-out/>
  <testcase classname="com.DMS.testCases.TC_009_Projects" name="viewDocument" time="8.402"/>
  <system-out/>
  <testcase classname="com.DMS.testCases.TC_009_Projects" name="addNewVersion1" time="52.979"/>
  <system-out/>
  <testcase classname="com.DMS.testCases.TC_009_Projects" name="download_printDoc" time="10.372"/>
  <system-out/>
  <testcase classname="com.DMS.testCases.TC_009_Projects" name="devUploadDocument_Save" time="52.287"/>
  <system-out/>
  <testcase classname="com.DMS.testCases.TC_009_Projects" name="devUploadDocument_Save_Delete" time="14.440"/>
  <system-out/>
</testsuite> <!-- com.DMS.testCases.TC_009_Projects -->
